<?xml version="1.0" encoding="UTF-8"?>
<!-- Generated by org.testng.reporters.JUnitReportReporter -->
<testsuite hostname="LAPTOP-MRVI2C8P" name="test.LoginTest" tests="1" failures="0" timestamp="4 Feb 2023 06:26:23 GMT" time="5.470" errors="0">
  <testcase name="validUserShouldBeAbleToLogin" time="5.470" classname="test.LoginTest"/>
</testsuite> <!-- test.LoginTest -->
