<?xml version="1.0" encoding="UTF-8"?>
<!-- Generated by org.testng.reporters.JUnitReportReporter -->
<testsuite hostname="LAPTOP-MRVI2C8P" name="test.AddCustomerTest" tests="1" failures="0" timestamp="4 Feb 2023 06:28:16 GMT" time="22.696" errors="0">
  <testcase name="validCustomerShouldBeAbleToCreateCustomer" time="22.696" classname="test.AddCustomerTest"/>
</testsuite> <!-- test.AddCustomerTest -->
